<?xml version="1.0" encoding="UTF-8" ?>
<testsuite errors="0" failures="0" hostname="brody-linux-desktop" name="CS444Fischer.domain.AccountTest" skipped="0" tests="1" time="0.215" timestamp="2019-02-06T02:32:22">
  <properties>
    <property name="libs.spring-framework300.classpath" value="/home/brody/Applications/netbeans/ide/modules/org-apache-commons-logging.jar:/home/brody/Applications/netbeans/java/modules/ext/cglib-2.2.jar:/home/brody/Applications/netbeans/java/modules/ext/spring-3.0/spring-aop-3.2.7.RELEASE.jar:/home/brody/Applications/netbeans/java/modules/ext/spring-3.0/spring-aspects-3.2.7.RELEASE.jar:/home/brody/Applications/netbeans/java/modules/ext/spring-3.0/spring-beans-3.2.7.RELEASE.jar:/home/brody/Applications/netbeans/java/modules/ext/spring-3.0/spring-build-src-3.2.7.RELEASE.jar:/home/brody/Applications/netbeans/java/modules/ext/spring-3.0/spring-context-3.2.7.RELEASE.jar:/home/brody/Applications/netbeans/java/modules/ext/spring-3.0/spring-context-support-3.2.7.RELEASE.jar:/home/brody/Applications/netbeans/java/modules/ext/spring-3.0/spring-core-3.2.7.RELEASE.jar:/home/brody/Applications/netbeans/java/modules/ext/spring-3.0/spring-expression-3.2.7.RELEASE.jar:/home/brody/Applications/netbeans/java/modules/ext/spring-3.0/spring-framework-bom-3.2.7.RELEASE.jar:/home/brody/Applications/netbeans/java/modules/ext/spring-3.0/spring-instrument-3.2.7.RELEASE.jar:/home/brody/Applications/netbeans/java/modules/ext/spring-3.0/spring-instrument-tomcat-3.2.7.RELEASE.jar:/home/brody/Applications/netbeans/java/modules/ext/spring-3.0/spring-jdbc-3.2.7.RELEASE.jar:/home/brody/Applications/netbeans/java/modules/ext/spring-3.0/spring-jms-3.2.7.RELEASE.jar:/home/brody/Applications/netbeans/java/modules/ext/spring-3.0/spring-orm-3.2.7.RELEASE.jar:/home/brody/Applications/netbeans/java/modules/ext/spring-3.0/spring-oxm-3.2.7.RELEASE.jar:/home/brody/Applications/netbeans/java/modules/ext/spring-3.0/spring-struts-3.2.7.RELEASE.jar:/home/brody/Applications/netbeans/java/modules/ext/spring-3.0/spring-test-3.2.7.RELEASE.jar:/home/brody/Applications/netbeans/java/modules/ext/spring-3.0/spring-tx-3.2.7.RELEASE.jar:/home/brody/Applications/netbeans/java/modules/ext/spring-3.0/spring-web-3.2.7.RELEASE.jar:/home/brody/Applications/netbeans/java/modules/ext/spring-3.0/spring-webmvc-3.2.7.RELEASE.jar:/home/brody/Applications/netbeans/java/modules/ext/spring-3.0/spring-webmvc-portlet-3.2.7.RELEASE.jar" />
    <property name="javac.test.classpath" value=":build/classes:/home/brody/Applications/netbeans/platform/modules/ext/junit-jupiter-api-5.3.1.jar:/home/brody/Applications/netbeans/platform/modules/ext/junit-jupiter-params-5.3.1.jar:/home/brody/Applications/netbeans/platform/modules/ext/junit-jupiter-engine-5.3.1.jar:/home/brody/Applications/netbeans/platform/modules/ext/junit-4.12.jar:/home/brody/Applications/netbeans/platform/modules/ext/hamcrest-core-1.3.jar" />
    <property name="java.specification.version" value="10" />
    <property name="sun.cpu.isalist" value="" />
    <property name="ant.file.CS444Fischer" value="/home/brody/dev/NetBeansProjects/CS444Fischer/build.xml" />
    <property name="jar.index.metainf" value="false" />
    <property name="do.depend" value="false" />
    <property name="javadoc.preview" value="true" />
    <property name="jnlp.signing.keystore" value="" />
    <property name="libs.spring-framework400.classpath" value="/home/brody/Applications/netbeans/ide/modules/org-apache-commons-logging.jar:/home/brody/Applications/netbeans/java/modules/ext/cglib-2.2.jar:/home/brody/Applications/netbeans/java/modules/ext/spring-4/spring-aop-4.0.1.RELEASE.jar:/home/brody/Applications/netbeans/java/modules/ext/spring-4/spring-aspects-4.0.1.RELEASE.jar:/home/brody/Applications/netbeans/java/modules/ext/spring-4/spring-beans-4.0.1.RELEASE.jar:/home/brody/Applications/netbeans/java/modules/ext/spring-4/spring-build-src-4.0.1.RELEASE.jar:/home/brody/Applications/netbeans/java/modules/ext/spring-4/spring-context-4.0.1.RELEASE.jar:/home/brody/Applications/netbeans/java/modules/ext/spring-4/spring-context-support-4.0.1.RELEASE.jar:/home/brody/Applications/netbeans/java/modules/ext/spring-4/spring-core-4.0.1.RELEASE.jar:/home/brody/Applications/netbeans/java/modules/ext/spring-4/spring-expression-4.0.1.RELEASE.jar:/home/brody/Applications/netbeans/java/modules/ext/spring-4/spring-framework-bom-4.0.1.RELEASE.jar:/home/brody/Applications/netbeans/java/modules/ext/spring-4/spring-instrument-4.0.1.RELEASE.jar:/home/brody/Applications/netbeans/java/modules/ext/spring-4/spring-instrument-tomcat-4.0.1.RELEASE.jar:/home/brody/Applications/netbeans/java/modules/ext/spring-4/spring-jdbc-4.0.1.RELEASE.jar:/home/brody/Applications/netbeans/java/modules/ext/spring-4/spring-jms-4.0.1.RELEASE.jar:/home/brody/Applications/netbeans/java/modules/ext/spring-4/spring-messaging-4.0.1.RELEASE.jar:/home/brody/Applications/netbeans/java/modules/ext/spring-4/spring-orm-4.0.1.RELEASE.jar:/home/brody/Applications/netbeans/java/modules/ext/spring-4/spring-oxm-4.0.1.RELEASE.jar:/home/brody/Applications/netbeans/java/modules/ext/spring-4/spring-test-4.0.1.RELEASE.jar:/home/brody/Applications/netbeans/java/modules/ext/spring-4/spring-tx-4.0.1.RELEASE.jar:/home/brody/Applications/netbeans/java/modules/ext/spring-4/spring-web-4.0.1.RELEASE.jar:/home/brody/Applications/netbeans/java/modules/ext/spring-4/spring-webmvc-4.0.1.RELEASE.jar:/home/brody/Applications/netbeans/java/modules/ext/spring-4/spring-webmvc-portlet-4.0.1.RELEASE.jar:/home/brody/Applications/netbeans/java/modules/ext/spring-4/spring-websocket-4.0.1.RELEASE.jar" />
    <property name="jnlp.signing.alias" value="" />
    <property name="sun.arch.data.model" value="64" />
    <property name="test.binaryincludes" value="&lt;nothing&gt;" />
    <property name="libs.junit.classpath" value="/usr/share/java/junit.jar:/usr/share/java" />
    <property name="nb.show.statistics.ui" value="usageStatisticsEnabled" />
    <property name="sun.font.fontmanager" value="sun.awt.X11FontManager" />
    <property name="debug-transport" value="dt_socket" />
    <property name="do.jlink" value="false" />
    <property name="java.vendor.url" value="http://java.oracle.com/" />
    <property name="annotation.processing.enabled" value="true" />
    <property name="libs.junit_5.src" value="/home/brody/Applications/netbeans/platform/docs/junit-jupiter-api-5.3.1-sources.jar:/home/brody/Applications/netbeans/platform/docs/junit-jupiter-params-5.3.1-sources.jar:/home/brody/Applications/netbeans/platform/docs/junit-jupiter-engine-5.3.1-sources.jar" />
    <property name="ant.file.type.CS444Fischer" value="file" />
    <property name="debug.modulepath" value="" />
    <property name="libs.jaxb.classpath" value="/home/brody/Applications/netbeans/ide/modules/ext/jaxb/jaxb-impl-2.2.5-2.jar:/home/brody/Applications/netbeans/ide/modules/ext/jaxb/jaxb-xjc-2.2.5-2.jar:/home/brody/Applications/netbeans/ide/modules/ext/jaxb/jaxb1-impl-2.2.5-2.jar:/home/brody/Applications/netbeans/ide/modules/ext/jaxb/activation.jar:/home/brody/Applications/netbeans/ide/modules/ext/jaxb/api/jaxb-api.jar" />
    <property name="libs.eclipselink.javadoc" value="" />
    <property name="auxiliary.org-netbeans-spi-editor-hints-projects.perProjectHintSettingsFile" value="nbproject/cfg_hints.xml" />
    <property name="libs.JWSAntTasks.javadoc" value="" />
    <property name="sun.boot.library.path" value="/usr/lib/jvm/java-11-openjdk-amd64/lib" />
    <property name="libs.CopyLibs.src" value="" />
    <property name="sun.java.command" value="org.apache.tools.ant.taskdefs.optional.junit.JUnitTestRunner CS444Fischer.domain.AccountTest skipNonTests=false filtertrace=true haltOnError=false haltOnFailure=false showoutput=true outputtoformatters=true logfailedtests=true threadid=0 logtestlistenerevents=true formatter=org.apache.tools.ant.taskdefs.optional.junit.BriefJUnitResultFormatter formatter=org.apache.tools.ant.taskdefs.optional.junit.XMLJUnitResultFormatter,/home/brody/dev/NetBeansProjects/CS444Fischer/build/test/results/TEST-CS444Fischer.domain.AccountTest.xml crashfile=/home/brody/dev/NetBeansProjects/CS444Fischer/build/junitvmwatcher16772713516584609827.properties propsfile=/home/brody/dev/NetBeansProjects/CS444Fischer/build/junit3481655289195016240.properties" />
    <property name="jdk.debug" value="release" />
    <property name="libs.spring-framework300.src" value="" />
    <property name="javac.source" value="10" />
    <property name="java.specification.vendor" value="Oracle Corporation" />
    <property name="javadoc.use" value="true" />
    <property name="libs.javac-api.maven-pom" value="" />
    <property name="java.version.date" value="2018-07-17" />
    <property name="javadoc.notree" value="false" />
    <property name="java.home" value="/usr/lib/jvm/java-11-openjdk-amd64" />
    <property name="basedir" value="/home/brody/dev/NetBeansProjects/CS444Fischer" />
    <property name="application.vendor" value="brody" />
    <property name="work.dir" value="/home/brody/dev/NetBeansProjects/CS444Fischer" />
    <property name="javac.test.compilerargs" value="" />
    <property name="java.vm.specification.vendor" value="Oracle Corporation" />
    <property name="java.specification.name" value="Java Platform API Specification" />
    <property name="jna.boot.library.name" value="jnidispatch-440" />
    <property name="libs.PostgreSQLDriver.classpath" value="/home/brody/Applications/netbeans/ide/modules/ext/postgresql-42.2.5.jar" />
    <property name="libs.javac-api.javadoc" value="" />
    <property name="libs.JAXB-ENDORSED.src" value="" />
    <property name="netbeans.extbrowser.manual_chrome_plugin_install" value="yes" />
    <property name="ant.file.CS444Fischer-impl" value="/home/brody/dev/NetBeansProjects/CS444Fischer/nbproject/build-impl.xml" />
    <property name="manifest.encoding" value="UTF-8" />
    <property name="netbeans.default_userdir_root" value="/home/brody/.netbeans" />
    <property name="manifest.custom.permissions" value="" />
    <property name="sun.management.compiler" value="HotSpot 64-Bit Tiered Compilers" />
    <property name="libs.spring-framework400.src" value="" />
    <property name="jdk.home" value="/usr/lib/jvm/java-11-openjdk-amd64" />
    <property name="run.test.modulepath" value="" />
    <property name="java.runtime.version" value="10.0.2+13-Ubuntu-1ubuntu0.18.04.4" />
    <property name="libs.eclipselink.maven-pom" value="" />
    <property name="libs.JAXB-ENDORSED.javadoc" value="" />
    <property name="debug.test.modulepath" value="" />
    <property name="sun.java2d.noddraw" value="true" />
    <property name="file.encoding" value="UTF-8" />
    <property name="java.util.logging.config.class" value="org.netbeans.core.startup.TopLogging" />
    <property name="sun.zip.disableMemoryMapping" value="true" />
    <property name="https.nonProxyHosts" value="localhost|127.0.0.1|brody-linux-desktop" />
    <property name="libs.groovy-all.maven-pom" value="" />
    <property name="libs.junit_5.javadoc" value="/home/brody/Applications/netbeans/platform/docs/junit-jupiter-api-5.3.1-javadoc.jar:/home/brody/Applications/netbeans/platform/docs/junit-jupiter-params-5.3.1-javadoc.jar:/home/brody/Applications/netbeans/platform/docs/junit-jupiter-engine-5.3.1-javadoc.jar" />
    <property name="jnlp.enabled" value="false" />
    <property name="dist.archive.excludes" value="" />
    <property name="libs.absolutelayout.classpath" value="/home/brody/Applications/netbeans/java/modules/ext/AbsoluteLayout.jar" />
    <property name="java.io.tmpdir" value="/tmp" />
    <property name="do.archive" value="true" />
    <property name="java.version" value="10.0.2" />
    <property name="java.vm.specification.name" value="Java Virtual Machine Specification" />
    <property name="java.awt.printerjob" value="sun.print.PSPrinterJob" />
    <property name="built-jar.properties" value="/home/brody/dev/NetBeansProjects/CS444Fischer/build/built-jar.properties" />
    <property name="nb.native.filechooser" value="false" />
    <property name="libs.testng.src" value="" />
    <property name="libs.hamcrest.src" value="" />
    <property name="java.library.path" value="/usr/java/packages/lib:/usr/lib/x86_64-linux-gnu/jni:/lib/x86_64-linux-gnu:/usr/lib/x86_64-linux-gnu:/usr/lib/jni:/lib:/usr/lib" />
    <property name="platform.active" value="default_platform" />
    <property name="manifest.file" value="manifest.mf" />
    <property name="java.vendor" value="Oracle Corporation" />
    <property name="libs.testng.javadoc" value="/home/brody/Applications/netbeans/platform/docs/testng-6.8.1-javadoc.zip" />
    <property name="libs.groovy-all.src" value="" />
    <property name="meta.inf.dir" value="src/META-INF" />
    <property name="run.upgrademodulepath" value="" />
    <property name="sun.io.unicode.encoding" value="UnicodeLittle" />
    <property name="compile.on.save" value="true" />
    <property name="libs.testng.maven-pom" value="" />
    <property name="jlink.additionalparam" value="" />
    <property name="org.openide.version" value="deprecated" />
    <property name="sun.desktop" value="gnome" />
    <property name="default.javac.source" value="10" />
    <property name="netbeans.dynamic.classpath" value="/home/brody/Applications/netbeans/platform/core/org-openide-filesystems-compat8.jar:/home/brody/Applications/netbeans/platform/core/core.jar:/home/brody/Applications/netbeans/platform/core/core-base.jar:/home/brody/Applications/netbeans/platform/core/org-netbeans-libs-asm.jar:/home/brody/Applications/netbeans/platform/core/asm-all-5.0.1.jar:/home/brody/Applications/netbeans/platform/core/org-openide-filesystems.jar:/home/brody/Applications/netbeans/nb/core/org-netbeans-upgrader.jar:/home/brody/Applications/netbeans/nb/core/locale/core_nb.jar" />
    <property name="run.classpath" value=":build/classes" />
    <property name="libs.jaxb.src" value="" />
    <property name="libs.eclipselinkmodelgen.classpath" value="/home/brody/Applications/netbeans/java/modules/ext/eclipselink/org.eclipse.persistence.jpa.modelgen.processor-2.5.2.jar" />
    <property name="javac.systemmodulepath.cmd.line.arg" value="" />
    <property name="test.src.dir" value="test" />
    <property name="sun.awt.enableExtraMouseButtons" value="true" />
    <property name="org.openide.major.version" value="IDE/1" />
    <property name="libs.spring-framework300.javadoc" value="" />
    <property name="netbeans.buildnumber" value="incubator-netbeans-release-380-on-20181217" />
    <property name="ap.proc.none.internal" value="" />
    <property name="org.openide.specification.version" value="6.2" />
    <property name="endorsed.classpath.cmd.line.arg" value="" />
    <property name="user.timezone" value="" />
    <property name="libs.jpa20-persistence.maven-pom" value="" />
    <property name="jar.index" value="false" />
    <property name="libs.jpa20-persistence.classpath" value="/home/brody/Applications/netbeans/java/modules/ext/eclipselink/javax.persistence-2.1.0.jar" />
    <property name="libs.eclipselinkmodelgen.javadoc" value="" />
    <property name="java.vm.specification.version" value="10" />
    <property name="libs.CopyLibs.maven-pom" value="" />
    <property name="os.name" value="Linux" />
    <property name="build.sysclasspath" value="ignore" />
    <property name="libs.junit_5.classpath" value="/home/brody/Applications/netbeans/platform/modules/ext/junit-jupiter-api-5.3.1.jar:/home/brody/Applications/netbeans/platform/modules/ext/junit-jupiter-params-5.3.1.jar:/home/brody/Applications/netbeans/platform/modules/ext/junit-jupiter-engine-5.3.1.jar" />
    <property name="javadoc.noindex" value="false" />
    <property name="jdkBug6558476" value="false" />
    <property name="javadoc.private" value="false" />
    <property name="javadoc.author" value="false" />
    <property name="http.nonProxyHosts" value="localhost|127.0.0.1|brody-linux-desktop" />
    <property name="main.class" value="" />
    <property name="libs.JAXB-ENDORSED.maven-pom" value="" />
    <property name="user.home" value="/home/brody" />
    <property name="source.encoding" value="UTF-8" />
    <property name="libs.eclipselinkmodelgen.maven-pom" value="" />
    <property name="jar.compress" value="false" />
    <property name="have.sources" value="true" />
    <property name="annotation.processing.processors.list" value="" />
    <property name="javac.deprecation" value="false" />
    <property name="jlink.launcher" value="true" />
    <property name="manifest.custom.caller.allowable.codebase" value="" />
    <property name="jnlp.mixed.code" value="default" />
    <property name="java.awt.graphicsenv" value="sun.awt.X11GraphicsEnvironment" />
    <property name="build.generated.sources.dir" value="build/generated-sources" />
    <property name="apple.awt.graphics.UseQuartz" value="true" />
    <property name="plugin.manager.check.updates" value="false" />
    <property name="run.jvmargs" value="" />
    <property name="netbeans.autoupdate.language" value="en" />
    <property name="build.compiler.emacs" value="true" />
    <property name="libs.eclipselinkmodelgen.src" value="" />
    <property name="build.classes.excludes" value="**/*.java,**/*.form" />
    <property name="dist.jar" value="dist/CS444Fischer.jar" />
    <property name="ant.file" value="/home/brody/dev/NetBeansProjects/CS444Fischer/build.xml" />
    <property name="path.separator" value=":" />
    <property name="modules.supported.internal" value="true" />
    <property name="libs.JAXB-ENDORSED.classpath" value="/home/brody/Applications/netbeans/ide/modules/ext/jaxb/api/jaxb-api.jar" />
    <property name="os.version" value="4.15.0-45-generic" />
    <property name="netbeans.home" value="/home/brody/Applications/netbeans/platform" />
    <property name="libs.CopyLibs.javadoc" value="" />
    <property name="build.test.results.dir" value="build/test/results" />
    <property name="debug-transport-by-os" value="dt_socket" />
    <property name="libs.jaxws21.javadoc" value="/home/brody/Applications/netbeans/java/docs/jaxws-api-doc.zip" />
    <property name="libs.spring-framework400.maven-pom" value="" />
    <property name="ap.processors.internal" value="" />
    <property name="java.vm.name" value="OpenJDK 64-Bit Server VM" />
    <property name="unnamed.module.internal" value="true" />
    <property name="module.name" value="" />
    <property name="libs.jaxws21.classpath" value="/home/brody/Applications/netbeans/java/modules/ext/jaxws22/FastInfoset.jar:/home/brody/Applications/netbeans/java/modules/ext/jaxws22/gmbal-api-only.jar:/home/brody/Applications/netbeans/java/modules/ext/jaxws22/ha-api.jar:/home/brody/Applications/netbeans/java/modules/ext/jaxws22/javax.mail_1.4.jar:/home/brody/Applications/netbeans/java/modules/ext/jaxws22/jaxws-rt.jar:/home/brody/Applications/netbeans/java/modules/ext/jaxws22/jaxws-tools.jar:/home/brody/Applications/netbeans/java/modules/ext/jaxws22/management-api.jar:/home/brody/Applications/netbeans/java/modules/ext/jaxws22/mimepull.jar:/home/brody/Applications/netbeans/java/modules/ext/jaxws22/policy.jar:/home/brody/Applications/netbeans/java/modules/ext/jaxws22/saaj-impl.jar:/home/brody/Applications/netbeans/java/modules/ext/jaxws22/stax-ex.jar:/home/brody/Applications/netbeans/java/modules/ext/jaxws22/stax2-api.jar:/home/brody/Applications/netbeans/java/modules/ext/jaxws22/streambuffer.jar:/home/brody/Applications/netbeans/java/modules/ext/jaxws22/woodstox-core-asl.jar:/home/brody/Applications/netbeans/java/modules/ext/jaxws22/api/jaxws-api.jar:/home/brody/Applications/netbeans/java/modules/ext/jaxws22/api/jsr181-api.jar:/home/brody/Applications/netbeans/java/modules/ext/jaxws22/api/javax.annotation.jar:/home/brody/Applications/netbeans/java/modules/ext/jaxws22/api/saaj-api.jar:/home/brody/Applications/netbeans/ide/modules/ext/jaxb/activation.jar:/home/brody/Applications/netbeans/ide/modules/ext/jaxb/api/jaxb-api.jar" />
    <property name="os.arch" value="amd64" />
    <property name="libs.spring-framework400.javadoc" value="" />
    <property name="build.generated.dir" value="build/generated" />
    <property name="libs.hamcrest.javadoc" value="" />
    <property name="libs.javac-api.src" value="" />
    <property name="libs.groovy-all.javadoc" value="" />
    <property name="do.jar" value="true" />
    <property name="ant.file.type.CS444Fischer-impl" value="file" />
    <property name="java.vm.info" value="mixed mode" />
    <property name="jnlp.descriptor" value="application" />
    <property name="libs.jaxws21.maven-pom" value="" />
    <property name="run.test.classpath" value=":build/classes:/home/brody/Applications/netbeans/platform/modules/ext/junit-jupiter-api-5.3.1.jar:/home/brody/Applications/netbeans/platform/modules/ext/junit-jupiter-params-5.3.1.jar:/home/brody/Applications/netbeans/platform/modules/ext/junit-jupiter-engine-5.3.1.jar:/home/brody/Applications/netbeans/platform/modules/ext/junit-4.12.jar:/home/brody/Applications/netbeans/platform/modules/ext/hamcrest-core-1.3.jar:build/test/classes" />
    <property name="dist.jlink.output" value="dist/jlink/CS444Fischer" />
    <property name="javadoc.encoding.used" value="UTF-8" />
    <property name="java.class.version" value="54.0" />
    <property name="src.dir" value="src" />
    <property name="org.netbeans.io.suspend" value="0" />
    <property name="debug.classpath" value=":build/classes" />
    <property name="ant.project.default-target" value="default" />
    <property name="awt.toolkit" value="sun.awt.X11.XToolkit" />
    <property name="excludes" value="" />
    <property name="ant.project.name" value="CS444Fischer" />
    <property name="dist.javadoc.dir" value="dist/javadoc" />
    <property name="libs.junit_4.javadoc" value="/home/brody/Applications/netbeans/platform/docs/junit-4.12-javadoc.jar" />
    <property name="run.test.jvmargs" value="" />
    <property name="sun.jnu.encoding" value="UTF-8" />
    <property name="default.javac.target" value="10" />
    <property name="javac.fork" value="true" />
    <property name="jnlp.offline-allowed" value="false" />
    <property name="libs.eclipselink.classpath" value="/home/brody/Applications/netbeans/java/modules/ext/eclipselink/org.eclipse.persistence.core-2.5.2.jar:/home/brody/Applications/netbeans/java/modules/ext/eclipselink/org.eclipse.persistence.asm-2.5.2.jar:/home/brody/Applications/netbeans/java/modules/ext/eclipselink/org.eclipse.persistence.antlr-2.5.2.jar:/home/brody/Applications/netbeans/java/modules/ext/eclipselink/org.eclipse.persistence.jpa-2.5.2.jar:/home/brody/Applications/netbeans/java/modules/ext/eclipselink/org.eclipse.persistence.jpa.jpql-2.5.2.jar:/home/brody/Applications/netbeans/java/modules/ext/eclipselink/javax.persistence-2.1.0.jar" />
    <property name="sun.java2d.dpiaware" value="true" />
    <property name="libs.javac-api.classpath" value="" />
    <property name="jar.archive.disabled" value="false" />
    <property name="netbeans.importclass" value="org.netbeans.upgrade.AutoUpgrade" />
    <property name="libs.PostgreSQLDriver.maven-pom" value="" />
    <property name="libs.absolutelayout.src" value="/home/brody/school/CS444 - Software Engineering/week 2/jdatepicker-1.3.4.jar" />
    <property name="netbeans.autoupdate.version" value="1.23" />
    <property name="empty.dir" value="/home/brody/dev/NetBeansProjects/CS444Fischer/build/empty" />
    <property name="testng.mode" value="testng" />
    <property name="annotation.processing.enabled.in.editor" value="false" />
    <property name="netbeans.user" value="/home/brody/.netbeans/10.0" />
    <property name="file.separator" value="/" />
    <property name="java.vm.compressedOopsMode" value="Zero based" />
    <property name="line.separator" value="&#xa;" />
    <property name="javadoc.additionalparam" value="" />
    <property name="jnlp.signed" value="false" />
    <property name="libs.junit.javadoc" value="" />
    <property name="netbeans.productversion" value="Apache NetBeans IDE 10.0 (Build incubator-netbeans-release-380-on-20181217)" />
    <property name="javac.debug" value="true" />
    <property name="libs.testng.classpath" value="/home/brody/Applications/netbeans/platform/modules/ext/testng-6.8.1-dist.jar" />
    <property name="mkdist.disabled" value="false" />
    <property name="user.name" value="brody" />
    <property name="build.classes.dir" value="build/classes" />
    <property name="nb.junit.single" value="false" />
    <property name="javadoc.windowtitle" value="" />
    <property name="nb.internal.action.name" value="test" />
    <property name="libs.groovy-all.classpath" value="/home/brody/Applications/netbeans/groovy/modules/ext/groovy.jar:/home/brody/Applications/netbeans/groovy/modules/ext/groovy-ant.jar" />
    <property name="libs.absolutelayout.javadoc" value="" />
    <property name="libs.jaxws21.src" value="" />
    <property name="module.build.classes.dir" value="build/classes" />
    <property name="annotation.processing.processor.options" value="" />
    <property name="libs.jaxb.maven-pom" value="" />
    <property name="dist.dir" value="dist" />
    <property name="build.dir" value="build" />
    <property name="libs.junit.maven-pom" value="" />
    <property name="jna.loaded" value="true" />
    <property name="netbeans.autoupdate.variant" value="" />
    <property name="libs.junit_5.maven-pom" value="" />
    <property name="libs.jpa20-persistence.javadoc" value="" />
    <property name="javadoc.version" value="false" />
    <property name="ant.junit.enabletestlistenerevents" value="true" />
    <property name="libs.JWSAntTasks.src" value="" />
    <property name="ant.home" value="/home/brody/Applications/netbeans/extide/ant" />
    <property name="libs.CopyLibs.classpath" value="/home/brody/Applications/netbeans/java/ant/extra/org-netbeans-modules-java-j2seproject-copylibstask.jar" />
    <property name="debug.test.classpath" value=":build/classes:/home/brody/Applications/netbeans/platform/modules/ext/junit-jupiter-api-5.3.1.jar:/home/brody/Applications/netbeans/platform/modules/ext/junit-jupiter-params-5.3.1.jar:/home/brody/Applications/netbeans/platform/modules/ext/junit-jupiter-engine-5.3.1.jar:/home/brody/Applications/netbeans/platform/modules/ext/junit-4.12.jar:/home/brody/Applications/netbeans/platform/modules/ext/hamcrest-core-1.3.jar:build/test/classes" />
    <property name="have.tests" value="true" />
    <property name="javac.external.vm" value="true" />
    <property name="sun.os.patch.level" value="unknown" />
    <property name="testng.debug.mode" value="" />
    <property name="jnlp.signing" value="" />
    <property name="javac.target" value="10" />
    <property name="ant.version" value="Apache Ant(TM) version 1.10.4 compiled on June 19 2018" />
    <property name="libs.absolutelayout.maven-pom" value="" />
    <property name="javadoc.html5" value="false" />
    <property name="javac.test.processorpath" value=":build/classes:/home/brody/Applications/netbeans/platform/modules/ext/junit-jupiter-api-5.3.1.jar:/home/brody/Applications/netbeans/platform/modules/ext/junit-jupiter-params-5.3.1.jar:/home/brody/Applications/netbeans/platform/modules/ext/junit-jupiter-engine-5.3.1.jar:/home/brody/Applications/netbeans/platform/modules/ext/junit-4.12.jar:/home/brody/Applications/netbeans/platform/modules/ext/hamcrest-core-1.3.jar" />
    <property name="jdk.gtk.version" value="2.2" />
    <property name="java.failonerror" value="true" />
    <property name="netbeans.dirs" value="/home/brody/Applications/netbeans/nb:/home/brody/Applications/netbeans/ergonomics:/home/brody/Applications/netbeans/ide:/home/brody/Applications/netbeans/extide:/home/brody/Applications/netbeans/java:/home/brody/Applications/netbeans/apisupport:/home/brody/Applications/netbeans/webcommon:/home/brody/Applications/netbeans/websvccommon:/home/brody/Applications/netbeans/enterprise:/home/brody/Applications/netbeans/mobility:/home/brody/Applications/netbeans/profiler:/home/brody/Applications/netbeans/python:/home/brody/Applications/netbeans/php:/home/brody/Applications/netbeans/identity:/home/brody/Applications/netbeans/harness:/home/brody/Applications/netbeans/cnd:/home/brody/Applications/netbeans/cndext:/home/brody/Applications/netbeans/dlight:/home/brody/Applications/netbeans/groovy:/home/brody/Applications/netbeans/extra:/home/brody/Applications/netbeans/javacard:/home/brody/Applications/netbeans/javafx:" />
    <property name="javac.modulepath" value="" />
    <property name="user.properties.file" value="/home/brody/.netbeans/10.0/build.properties" />
    <property name="libs.hamcrest.maven-pom" value="" />
    <property name="netbeans.autoupdate.country" value="US" />
    <property name="nb.wait.for.caches" value="true" />
    <property name="file.encoding.pkg" value="sun.io" />
    <property name="javac.processorpath" value="" />
    <property name="java.class.path" value="/home/brody/dev/NetBeansProjects/CS444Fischer/build/classes:/home/brody/Applications/netbeans/platform/modules/ext/junit-jupiter-api-5.3.1.jar:/home/brody/Applications/netbeans/platform/modules/ext/junit-jupiter-params-5.3.1.jar:/home/brody/Applications/netbeans/platform/modules/ext/junit-jupiter-engine-5.3.1.jar:/home/brody/Applications/netbeans/platform/modules/ext/junit-4.12.jar:/home/brody/Applications/netbeans/platform/modules/ext/hamcrest-core-1.3.jar:/home/brody/dev/NetBeansProjects/CS444Fischer/build/test/classes:/home/brody/Applications/netbeans/extide/ant/lib/ant-launcher.jar:/home/brody/Applications/netbeans/extide/ant/lib/ant.jar:/home/brody/Applications/netbeans/extide/ant/lib/ant-junit.jar:/home/brody/Applications/netbeans/extide/ant/lib/ant-junit4.jar" />
    <property name="libs.JWSAntTasks.maven-pom" value="" />
    <property name="java.vm.vendor" value="Oracle Corporation" />
    <property name="ap.supported.internal" value="true" />
    <property name="netbeans.home+have.tests" value="true" />
    <property name="run.modulepath" value="" />
    <property name="libs.junit.src" value="" />
    <property name="javac.upgrademodulepath" value="" />
    <property name="jnlp.codebase.type" value="no.codebase" />
    <property name="test.binaryexcludes" value="" />
    <property name="do.archive+manifest.available" value="true" />
    <property name="javac.compilerargs" value="" />
    <property name="apple.laf.useScreenMenuBar" value="true" />
    <property name="user.country" value="US" />
    <property name="sun.java.launcher" value="SUN_STANDARD" />
    <property name="libs.jpa20-persistence.src" value="" />
    <property name="endorsed.classpath" value="" />
    <property name="javac.test.sourcepath" value="/home/brody/dev/NetBeansProjects/CS444Fischer/build/empty" />
    <property name="sun.cpu.endian" value="little" />
    <property name="libs.junit_4.src" value="/home/brody/Applications/netbeans/platform/docs/junit-4.12-sources.jar" />
    <property name="junit.selected.version" value="3" />
    <property name="user.language" value="en" />
    <property name="copylibs.rebase" value="true" />
    <property name="includes" value="**" />
    <property name="javadoc.nonavbar" value="false" />
    <property name="ant.java.version" value="10" />
    <property name="libs.junit_4.classpath" value="/home/brody/Applications/netbeans/platform/modules/ext/junit-4.12.jar" />
    <property name="libs.hamcrest.classpath" value="/home/brody/Applications/netbeans/platform/modules/ext/hamcrest-core-1.3.jar" />
    <property name="jlink.launcher.name" value="CS444Fischer" />
    <property name="javadoc.splitindex" value="true" />
    <property name="libs.JWSAntTasks.classpath" value="/home/brody/Applications/netbeans/java/ant/extra/org-netbeans-modules-javawebstart-anttasks.jar" />
    <property name="junit.available" value="true" />
    <property name="test.binarytestincludes" value="" />
    <property name="libs.junit_4.maven-pom" value="" />
    <property name="manifest.custom.application.library.allowable.codebase" value="" />
    <property name="javac.processormodulepath" value="" />
    <property name="runtime.encoding" value="UTF-8" />
    <property name="jlink.additionalmodules" value="" />
    <property name="javadoc.encoding" value="UTF-8" />
    <property name="javac.classpath" value="" />
    <property name="dist.jlink.dir" value="dist/jlink" />
    <property name="netbeans.hash.code" value="unique=0f1db5c30-63b1-43b0-ade5-3cf800fff7e1_a97c940f-d525-40b0-8d02-1da60e973b02" />
    <property name="jlink.strip" value="false" />
    <property name="nb.junit.batch" value="true" />
    <property name="build.test.classes.dir" value="build/test/classes" />
    <property name="netbeans.running.environment" value="gnome" />
    <property name="java.runtime.name" value="OpenJDK Runtime Environment" />
    <property name="manifest.available" value="true" />
    <property name="libs.jaxb.javadoc" value="/home/brody/Applications/netbeans/ide/docs/jaxb-api-2.2.5-javadoc.jar" />
    <property name="libs.spring-framework300.maven-pom" value="" />
    <property name="ant.project.invoked-targets" value="test" />
    <property name="run.jvmargs.ide" value="" />
    <property name="ap.cmd.line.internal" value="" />
    <property name="jna.platform.library.path" value="/usr/lib/x86_64-linux-gnu:/lib/x86_64-linux-gnu:/lib64:/usr/lib:/lib:/lib/i386-linux-gnu:/usr/lib/i386-linux-gnu:/usr/lib/x86_64-linux-gnu/libfakeroot" />
    <property name="libs.PostgreSQLDriver.src" value="" />
    <property name="ant.core.lib" value="/home/brody/Applications/netbeans/extide/ant/lib/ant.jar" />
    <property name="java.vendor.url.bug" value="http://bugreport.java.com/bugreport/" />
    <property name="annotation.processing.source.output" value="build/generated-sources/ap-source-output" />
    <property name="user.dir" value="/home/brody/dev/NetBeansProjects/CS444Fischer" />
    <property name="javac.profile.cmd.line.arg" value="" />
    <property name="platform.java" value="/usr/lib/jvm/java-11-openjdk-amd64/bin/java" />
    <property name="application.args" value="" />
    <property name="application.title" value="CS444Fischer" />
    <property name="javac.test.modulepath" value="" />
    <property name="ignore.failing.tests" value="true" />
    <property name="org.xml.sax.driver" value="com.sun.org.apache.xerces.internal.jaxp.SAXParserImpl$JAXPSAXParser" />
    <property name="libs.PostgreSQLDriver.javadoc" value="" />
    <property name="libs.eclipselink.src" value="" />
    <property name="manifest.custom.codebase" value="" />
    <property name="java.vm.version" value="10.0.2+13-Ubuntu-1ubuntu0.18.04.4" />
    <property name="sun.awt.datatransfer.timeout" value="1000" />
    <property name="junit.forkmode" value="perTest" />
    <property name="annotation.processing.run.all.processors" value="true" />
  </properties>
  <testcase classname="CS444Fischer.domain.AccountTest" name="testValidate" time="0.003" />
  <system-out><![CDATA[]]></system-out>
  <system-err><![CDATA[]]></system-err>
</testsuite>
